mode: set
Todo/api/service/tugas_service.go:31.68,33.2 1 1
Todo/api/service/tugas_service.go:36.104,38.19 2 1
Todo/api/service/tugas_service.go:38.19,40.3 1 0
Todo/api/service/tugas_service.go:42.2,43.31 2 1
Todo/api/service/tugas_service.go:43.31,53.3 2 1
Todo/api/service/tugas_service.go:55.2,55.15 1 1
Todo/api/service/tugas_service.go:59.76,61.16 2 1
Todo/api/service/tugas_service.go:61.16,63.3 1 0
Todo/api/service/tugas_service.go:65.2,66.16 2 1
Todo/api/service/tugas_service.go:66.16,68.3 1 0
Todo/api/service/tugas_service.go:69.2,78.21 2 1
Todo/api/service/tugas_service.go:82.89,83.16 1 0
Todo/api/service/tugas_service.go:83.16,85.3 1 0
Todo/api/service/tugas_service.go:86.2,87.51 2 0
Todo/api/service/tugas_service.go:87.51,89.3 1 0
Todo/api/service/tugas_service.go:91.2,92.48 2 0
Todo/api/service/tugas_service.go:92.48,94.3 1 0
Todo/api/service/tugas_service.go:96.2,97.16 2 0
Todo/api/service/tugas_service.go:97.16,99.3 1 0
Todo/api/service/tugas_service.go:101.2,111.20 2 0
Todo/api/service/tugas_service.go:115.75,117.16 2 1
Todo/api/service/tugas_service.go:117.16,119.3 1 1
Todo/api/service/tugas_service.go:121.2,122.16 2 1
Todo/api/service/tugas_service.go:122.16,124.3 1 1
Todo/api/service/tugas_service.go:126.2,126.51 1 1
Todo/api/service/tugas_service.go:126.51,128.3 1 1
Todo/api/service/tugas_service.go:130.2,131.48 2 0
Todo/api/service/tugas_service.go:131.48,133.3 1 0
Todo/api/service/tugas_service.go:135.2,136.16 2 0
Todo/api/service/tugas_service.go:136.16,138.3 1 0
Todo/api/service/tugas_service.go:140.2,150.20 2 0
Todo/api/service/tugas_service.go:154.75,156.16 2 0
Todo/api/service/tugas_service.go:156.16,158.3 1 0
Todo/api/service/tugas_service.go:160.2,161.16 2 0
Todo/api/service/tugas_service.go:161.16,163.3 1 0
Todo/api/service/tugas_service.go:165.2,166.16 2 0
Todo/api/service/tugas_service.go:166.16,168.3 1 0
Todo/api/service/tugas_service.go:170.2,176.20 2 0
Todo/api/service/tugas_service.go:181.113,183.16 2 0
Todo/api/service/tugas_service.go:183.16,185.3 1 0
Todo/api/service/tugas_service.go:186.2,187.16 2 0
Todo/api/service/tugas_service.go:187.16,190.3 1 0
Todo/api/service/tugas_service.go:191.2,192.31 2 0
Todo/api/service/tugas_service.go:192.31,202.3 2 0
Todo/api/service/tugas_service.go:204.2,204.35 1 0
Todo/api/service/tugas_service.go:209.116,212.16 2 0
Todo/api/service/tugas_service.go:212.16,214.3 1 0
Todo/api/service/tugas_service.go:215.2,216.31 2 0
Todo/api/service/tugas_service.go:216.31,226.3 2 0
Todo/api/service/tugas_service.go:228.2,228.35 1 0
Todo/api/service/tugas_service.go:231.122,234.16 2 0
Todo/api/service/tugas_service.go:234.16,238.3 2 0
Todo/api/service/tugas_service.go:240.2,241.31 2 0
Todo/api/service/tugas_service.go:241.31,251.3 2 0
Todo/api/service/tugas_service.go:252.2,252.35 1 0
