mode: set
Todo/api/service/tugas_service.go:28.68,30.2 1 1
Todo/api/service/tugas_service.go:33.104,37.31 3 1
Todo/api/service/tugas_service.go:37.31,47.3 2 1
Todo/api/service/tugas_service.go:49.2,49.15 1 1
Todo/api/service/tugas_service.go:53.81,55.16 2 1
Todo/api/service/tugas_service.go:55.16,57.3 1 1
Todo/api/service/tugas_service.go:58.2,67.22 2 1
Todo/api/service/tugas_service.go:71.93,76.16 4 1
Todo/api/service/tugas_service.go:76.16,78.3 1 1
Todo/api/service/tugas_service.go:79.2,89.19 2 1
Todo/api/service/tugas_service.go:93.112,95.16 2 1
Todo/api/service/tugas_service.go:95.16,97.3 1 1
Todo/api/service/tugas_service.go:100.2,104.16 3 1
Todo/api/service/tugas_service.go:104.16,106.3 1 1
Todo/api/service/tugas_service.go:107.2,117.21 2 1
Todo/api/service/tugas_service.go:121.82,123.16 2 1
Todo/api/service/tugas_service.go:123.16,125.3 1 1
Todo/api/service/tugas_service.go:126.2,127.16 2 1
Todo/api/service/tugas_service.go:127.16,129.3 1 1
Todo/api/service/tugas_service.go:131.2,137.21 2 1
Todo/api/service/tugas_service.go:142.110,145.16 2 1
Todo/api/service/tugas_service.go:145.16,148.3 1 1
Todo/api/service/tugas_service.go:149.2,150.31 2 1
Todo/api/service/tugas_service.go:150.31,160.3 2 1
Todo/api/service/tugas_service.go:162.2,162.20 1 1
Todo/api/service/tugas_service.go:167.113,170.16 2 1
Todo/api/service/tugas_service.go:170.16,172.3 1 1
Todo/api/service/tugas_service.go:173.2,174.31 2 1
Todo/api/service/tugas_service.go:174.31,184.3 2 1
Todo/api/service/tugas_service.go:186.2,186.20 1 1
Todo/api/service/tugas_service.go:189.119,192.16 2 1
Todo/api/service/tugas_service.go:192.16,194.3 1 1
Todo/api/service/tugas_service.go:196.2,197.31 2 1
Todo/api/service/tugas_service.go:197.31,207.3 2 1
Todo/api/service/tugas_service.go:208.2,208.20 1 1
